0 info it worked if it ends with ok
1 verbose cli [ 'E:\\nodejs\\node.exe',
1 verbose cli   'E:\\nodejs\\node_modules\\npm\\bin\\npm-cli.js',
1 verbose cli   'install',
1 verbose cli   'https://github.com/CodeFalling/hexo-renderer-org#emacs',
1 verbose cli   '--save' ]
2 info using npm@3.10.10
3 info using node@v6.10.3
4 silly loadCurrentTree Starting
5 silly install loadCurrentTree
6 silly install readLocalPackageData
7 silly fetchPackageMetaData https://github.com/CodeFalling/hexo-renderer-org#emacs
8 silly fetchOtherPackageData https://github.com/CodeFalling/hexo-renderer-org#emacs
9 silly cache add args [ 'https://github.com/CodeFalling/hexo-renderer-org#emacs',
9 silly cache add   null ]
10 verbose cache add spec https://github.com/CodeFalling/hexo-renderer-org#emacs
11 silly cache add parsed spec Result {
11 silly cache add   raw: 'https://github.com/CodeFalling/hexo-renderer-org#emacs',
11 silly cache add   scope: null,
11 silly cache add   escapedName: null,
11 silly cache add   name: null,
11 silly cache add   rawSpec: 'https://github.com/CodeFalling/hexo-renderer-org#emacs',
11 silly cache add   spec: 'git+https://github.com/CodeFalling/hexo-renderer-org.git#emacs',
11 silly cache add   type: 'hosted',
11 silly cache add   hosted:
11 silly cache add    { type: 'github',
11 silly cache add      ssh: 'git@github.com:CodeFalling/hexo-renderer-org.git#emacs',
11 silly cache add      sshUrl: 'git+ssh://git@github.com/CodeFalling/hexo-renderer-org.git#emacs',
11 silly cache add      httpsUrl: 'git+https://github.com/CodeFalling/hexo-renderer-org.git#emacs',
11 silly cache add      gitUrl: 'git://github.com/CodeFalling/hexo-renderer-org.git#emacs',
11 silly cache add      shortcut: 'github:CodeFalling/hexo-renderer-org#emacs',
11 silly cache add      directUrl: 'https://raw.githubusercontent.com/CodeFalling/hexo-renderer-org/emacs/package.json' } }
12 verbose addRemoteGit caching https://github.com/CodeFalling/hexo-renderer-org#emacs
13 verbose addRemoteGit git+https://github.com/CodeFalling/hexo-renderer-org.git#emacs is a repository hosted by github
14 silly tryClone cloning git+https://github.com/CodeFalling/hexo-renderer-org.git#emacs via git+https://github.com/CodeFalling/hexo-renderer-org.git#emacs
15 verbose tryClone git-https-github-com-CodeFalling-hexo-renderer-org-git-emacs-7223be15 not in flight; caching
16 verbose correctMkdir C:\Users\Administrator\AppData\Roaming\npm-cache\_git-remotes correctMkdir not in flight; initializing
17 info git [ 'config', '--get', 'remote.origin.url' ]
18 silly validateExistingRemote git+https://github.com/CodeFalling/hexo-renderer-org.git#emacs remote.origin.url: https://github.com/CodeFalling/hexo-renderer-org.git
19 verbose validateExistingRemote git+https://github.com/CodeFalling/hexo-renderer-org.git#emacs is updating existing cached remote C:\Users\Administrator\AppData\Roaming\npm-cache\_git-remotes\git-https-github-com-CodeFalling-hexo-renderer-org-git-emacs-7223be15
20 info git [ 'fetch', '-a', 'origin' ]
21 verbose updateRemote git fetch -a origin (https://github.com/CodeFalling/hexo-renderer-org.git)
22 verbose setPermissions git+https://github.com/CodeFalling/hexo-renderer-org.git#emacs skipping chownr on Windows
23 verbose resolveHead git+https://github.com/CodeFalling/hexo-renderer-org.git#emacs original treeish: emacs
24 info git [ 'rev-list', '-n1', 'emacs' ]
25 silly resolveHead git+https://github.com/CodeFalling/hexo-renderer-org.git#emacs resolved treeish: b03ad33e7c1bd64ba5960de7aec09cf8c2b8ed23
26 verbose resolveHead git+https://github.com/CodeFalling/hexo-renderer-org.git#emacs resolved Git URL: git+https://github.com/CodeFalling/hexo-renderer-org.git#b03ad33e7c1bd64ba5960de7aec09cf8c2b8ed23
27 silly resolveHead Git working directory: F:\msys64\tmp\npm-4912-8c0d7390\git-cache-73ae0831\b03ad33e7c1bd64ba5960de7aec09cf8c2b8ed23
28 info git [ 'clone',
28 info git   'C:\\Users\\Administrator\\AppData\\Roaming\\npm-cache\\_git-remotes\\git-https-github-com-CodeFalling-hexo-renderer-org-git-emacs-7223be15',
28 info git   'F:\\msys64\\tmp\\npm-4912-8c0d7390\\git-cache-73ae0831\\b03ad33e7c1bd64ba5960de7aec09cf8c2b8ed23' ]
29 error git clone C:\Users\Administrator\AppData\Roaming\npm-cache\_git-remotes\git-https-github-com-CodeFalling-hexo-renderer-org-git-emacs-7223be15 F:\msys64\tmp\npm-4912-8c0d7390\git-cache-73ae0831\b03ad33e7c1bd64ba5960de7aec09cf8c2b8ed23: 正克隆到 'F:\msys64\tmp\npm-4912-8c0d7390\git-cache-73ae0831\b03ad33e7c1bd64ba5960de7aec09cf8c2b8ed23'...
29 error git clone C:\Users\Administrator\AppData\Roaming\npm-cache\_git-remotes\git-https-github-com-CodeFalling-hexo-renderer-org-git-emacs-7223be15 F:\msys64\tmp\npm-4912-8c0d7390\git-cache-73ae0831\b03ad33e7c1bd64ba5960de7aec09cf8c2b8ed23: fatal: '/c/Users/Administrator/AppData/Roaming/npm-cache/_git-remotes/git-https-github-com-CodeFalling-hexo-renderer-org-git-emacs-7223be15/C:\Users\Administrator\AppData\Roaming\npm-cache\_git-remotes\git-https-github-com-CodeFalling-hexo-renderer-org-git-emacs-7223be15' does not appear to be a git repository
29 error git clone C:\Users\Administrator\AppData\Roaming\npm-cache\_git-remotes\git-https-github-com-CodeFalling-hexo-renderer-org-git-emacs-7223be15 F:\msys64\tmp\npm-4912-8c0d7390\git-cache-73ae0831\b03ad33e7c1bd64ba5960de7aec09cf8c2b8ed23: fatal: Could not read from remote repository.
29 error git clone C:\Users\Administrator\AppData\Roaming\npm-cache\_git-remotes\git-https-github-com-CodeFalling-hexo-renderer-org-git-emacs-7223be15 F:\msys64\tmp\npm-4912-8c0d7390\git-cache-73ae0831\b03ad33e7c1bd64ba5960de7aec09cf8c2b8ed23:
29 error git clone C:\Users\Administrator\AppData\Roaming\npm-cache\_git-remotes\git-https-github-com-CodeFalling-hexo-renderer-org-git-emacs-7223be15 F:\msys64\tmp\npm-4912-8c0d7390\git-cache-73ae0831\b03ad33e7c1bd64ba5960de7aec09cf8c2b8ed23: Please make sure you have the correct access rights
29 error git clone C:\Users\Administrator\AppData\Roaming\npm-cache\_git-remotes\git-https-github-com-CodeFalling-hexo-renderer-org-git-emacs-7223be15 F:\msys64\tmp\npm-4912-8c0d7390\git-cache-73ae0831\b03ad33e7c1bd64ba5960de7aec09cf8c2b8ed23: and the repository exists.
30 silly fetchPackageMetaData Error: Command failed: git -c core.longpaths=true clone C:\Users\Administrator\AppData\Roaming\npm-cache\_git-remotes\git-https-github-com-CodeFalling-hexo-renderer-org-git-emacs-7223be15 F:\msys64\tmp\npm-4912-8c0d7390\git-cache-73ae0831\b03ad33e7c1bd64ba5960de7aec09cf8c2b8ed23
30 silly fetchPackageMetaData 正克隆到 'F:\msys64\tmp\npm-4912-8c0d7390\git-cache-73ae0831\b03ad33e7c1bd64ba5960de7aec09cf8c2b8ed23'...
30 silly fetchPackageMetaData fatal: '/c/Users/Administrator/AppData/Roaming/npm-cache/_git-remotes/git-https-github-com-CodeFalling-hexo-renderer-org-git-emacs-7223be15/C:\Users\Administrator\AppData\Roaming\npm-cache\_git-remotes\git-https-github-com-CodeFalling-hexo-renderer-org-git-emacs-7223be15' does not appear to be a git repository
30 silly fetchPackageMetaData fatal: Could not read from remote repository.
30 silly fetchPackageMetaData
30 silly fetchPackageMetaData Please make sure you have the correct access rights
30 silly fetchPackageMetaData and the repository exists.
30 silly fetchPackageMetaData
30 silly fetchPackageMetaData     at ChildProcess.exithandler (child_process.js:204:12)
30 silly fetchPackageMetaData     at emitTwo (events.js:106:13)
30 silly fetchPackageMetaData     at ChildProcess.emit (events.js:191:7)
30 silly fetchPackageMetaData     at maybeClose (internal/child_process.js:886:16)
30 silly fetchPackageMetaData     at Process.ChildProcess._handle.onexit (internal/child_process.js:226:5)
30 silly fetchPackageMetaData  error for https://github.com/CodeFalling/hexo-renderer-org#emacs { Error: Command failed: git -c core.longpaths=true clone C:\Users\Administrator\AppData\Roaming\npm-cache\_git-remotes\git-https-github-com-CodeFalling-hexo-renderer-org-git-emacs-7223be15 F:\msys64\tmp\npm-4912-8c0d7390\git-cache-73ae0831\b03ad33e7c1bd64ba5960de7aec09cf8c2b8ed23
30 silly fetchPackageMetaData 正克隆到 'F:\msys64\tmp\npm-4912-8c0d7390\git-cache-73ae0831\b03ad33e7c1bd64ba5960de7aec09cf8c2b8ed23'...
30 silly fetchPackageMetaData fatal: '/c/Users/Administrator/AppData/Roaming/npm-cache/_git-remotes/git-https-github-com-CodeFalling-hexo-renderer-org-git-emacs-7223be15/C:\Users\Administrator\AppData\Roaming\npm-cache\_git-remotes\git-https-github-com-CodeFalling-hexo-renderer-org-git-emacs-7223be15' does not appear to be a git repository
30 silly fetchPackageMetaData fatal: Could not read from remote repository.
30 silly fetchPackageMetaData
30 silly fetchPackageMetaData Please make sure you have the correct access rights
30 silly fetchPackageMetaData and the repository exists.
30 silly fetchPackageMetaData
30 silly fetchPackageMetaData     at ChildProcess.exithandler (child_process.js:204:12)
30 silly fetchPackageMetaData     at emitTwo (events.js:106:13)
30 silly fetchPackageMetaData     at ChildProcess.emit (events.js:191:7)
30 silly fetchPackageMetaData     at maybeClose (internal/child_process.js:886:16)
30 silly fetchPackageMetaData     at Process.ChildProcess._handle.onexit (internal/child_process.js:226:5)
30 silly fetchPackageMetaData   killed: false,
30 silly fetchPackageMetaData   code: 128,
30 silly fetchPackageMetaData   signal: null,
30 silly fetchPackageMetaData   cmd: 'git -c core.longpaths=true clone C:\\Users\\Administrator\\AppData\\Roaming\\npm-cache\\_git-remotes\\git-https-github-com-CodeFalling-hexo-renderer-org-git-emacs-7223be15 F:\\msys64\\tmp\\npm-4912-8c0d7390\\git-cache-73ae0831\\b03ad33e7c1bd64ba5960de7aec09cf8c2b8ed23' }
31 silly rollbackFailedOptional Starting
32 silly rollbackFailedOptional Finishing
33 silly runTopLevelLifecycles Finishing
34 silly install printInstalled
35 verbose stack Error: Command failed: git -c core.longpaths=true clone C:\Users\Administrator\AppData\Roaming\npm-cache\_git-remotes\git-https-github-com-CodeFalling-hexo-renderer-org-git-emacs-7223be15 F:\msys64\tmp\npm-4912-8c0d7390\git-cache-73ae0831\b03ad33e7c1bd64ba5960de7aec09cf8c2b8ed23
35 verbose stack 正克隆到 'F:\msys64\tmp\npm-4912-8c0d7390\git-cache-73ae0831\b03ad33e7c1bd64ba5960de7aec09cf8c2b8ed23'...
35 verbose stack fatal: '/c/Users/Administrator/AppData/Roaming/npm-cache/_git-remotes/git-https-github-com-CodeFalling-hexo-renderer-org-git-emacs-7223be15/C:\Users\Administrator\AppData\Roaming\npm-cache\_git-remotes\git-https-github-com-CodeFalling-hexo-renderer-org-git-emacs-7223be15' does not appear to be a git repository
35 verbose stack fatal: Could not read from remote repository.
35 verbose stack
35 verbose stack Please make sure you have the correct access rights
35 verbose stack and the repository exists.
35 verbose stack
35 verbose stack     at ChildProcess.exithandler (child_process.js:204:12)
35 verbose stack     at emitTwo (events.js:106:13)
35 verbose stack     at ChildProcess.emit (events.js:191:7)
35 verbose stack     at maybeClose (internal/child_process.js:886:16)
35 verbose stack     at Process.ChildProcess._handle.onexit (internal/child_process.js:226:5)
36 verbose cwd F:\hexo\source
37 error Windows_NT 6.1.7601
38 error argv "E:\\nodejs\\node.exe" "E:\\nodejs\\node_modules\\npm\\bin\\npm-cli.js" "install" "https://github.com/CodeFalling/hexo-renderer-org#emacs" "--save"
39 error node v6.10.3
40 error npm  v3.10.10
41 error code 128
42 error Command failed: git -c core.longpaths=true clone C:\Users\Administrator\AppData\Roaming\npm-cache\_git-remotes\git-https-github-com-CodeFalling-hexo-renderer-org-git-emacs-7223be15 F:\msys64\tmp\npm-4912-8c0d7390\git-cache-73ae0831\b03ad33e7c1bd64ba5960de7aec09cf8c2b8ed23
42 error 正克隆到 'F:\msys64\tmp\npm-4912-8c0d7390\git-cache-73ae0831\b03ad33e7c1bd64ba5960de7aec09cf8c2b8ed23'...
42 error fatal: '/c/Users/Administrator/AppData/Roaming/npm-cache/_git-remotes/git-https-github-com-CodeFalling-hexo-renderer-org-git-emacs-7223be15/C:\Users\Administrator\AppData\Roaming\npm-cache\_git-remotes\git-https-github-com-CodeFalling-hexo-renderer-org-git-emacs-7223be15' does not appear to be a git repository
42 error fatal: Could not read from remote repository.
42 error
42 error Please make sure you have the correct access rights
42 error and the repository exists.
43 error If you need help, you may report this error at:
43 error     <https://github.com/npm/npm/issues>
44 verbose exit [ 1, true ]
